<?xml version="1.0" encoding="UTF-8"?>
<TestRun id="557d28ed-5bad-4078-8c4b-973df443a0ad" name="swenm_000@LAPTOPSWEN 2015-12-14 09:58:36" runUser="LAPTOPSWEN\swenm_000" xmlns="http://microsoft.com/schemas/VisualStudio/TeamTest/2010">
  <TestSettings name="Default Test Settings" id="579ef19c-f6b0-4ac4-b7da-1d80261d7a05">
    <Execution>
      <TestTypeSpecific />
      <AgentRule name="Execution Agents">
      </AgentRule>
    </Execution>
    <Deployment runDeploymentRoot="swenm_000_LAPTOPSWEN 2015-12-14 09_58_36" />
    <Properties />
  </TestSettings>
  <Times creation="2015-12-14T09:58:36.5387874+01:00" queuing="2015-12-14T09:58:36.7659465+01:00" start="2015-12-14T09:58:36.8560102+01:00" finish="2015-12-14T09:58:37.4225740+01:00" />
  <ResultSummary outcome="Completed">
    <Counters total="1" executed="1" passed="1" error="0" failed="0" timeout="0" aborted="0" inconclusive="0" passedButRunAborted="0" notRunnable="0" notExecuted="0" disconnected="0" warning="0" completed="0" inProgress="0" pending="0" />
  </ResultSummary>
  <TestDefinitions>
    <UnitTest name="GetTest" storage="httprequestertests\bin\debug\httprequestertests.dll" id="1e83fd17-513a-f8c9-a6a4-7784c3efde41">
      <Execution id="ccf59491-21e8-4590-a8e2-b6f7c1d0e05f" />
      <TestMethod codeBase="F:/Github/Dev/Dev6assignment/HTTPrequesterTests/bin/Debug/HTTPrequesterTests.DLL" adapterTypeName="Microsoft.VisualStudio.TestTools.TestTypes.Unit.UnitTestAdapter, Microsoft.VisualStudio.QualityTools.Tips.UnitTest.Adapter, Version=14.0.0.0, Culture=neutral, PublicKeyToken=b03f5f7f11d50a3a" className="HTTPrequester.Tests.HttpRequestTests, HTTPrequesterTests, Version=1.0.0.0, Culture=neutral, PublicKeyToken=null" name="GetTest" />
    </UnitTest>
  </TestDefinitions>
  <TestLists>
    <TestList name="Results Not in a List" id="8c84fa94-04c1-424b-9868-57a2d4851a1d" />
    <TestList name="All Loaded Results" id="19431567-8539-422a-85d7-44ee4e166bda" />
  </TestLists>
  <TestEntries>
    <TestEntry testId="1e83fd17-513a-f8c9-a6a4-7784c3efde41" executionId="ccf59491-21e8-4590-a8e2-b6f7c1d0e05f" testListId="8c84fa94-04c1-424b-9868-57a2d4851a1d" />
  </TestEntries>
  <Results>
    <UnitTestResult executionId="ccf59491-21e8-4590-a8e2-b6f7c1d0e05f" testId="1e83fd17-513a-f8c9-a6a4-7784c3efde41" testName="GetTest" computerName="LAPTOPSWEN" duration="00:00:00.3076463" startTime="2015-12-14T09:58:36.8800294+01:00" endTime="2015-12-14T09:58:37.3825371+01:00" testType="13cdc9d9-ddb5-4fa4-a97d-d965ccfc6d4b" outcome="Passed" testListId="8c84fa94-04c1-424b-9868-57a2d4851a1d" relativeResultsDirectory="ccf59491-21e8-4590-a8e2-b6f7c1d0e05f">
    </UnitTestResult>
  </Results>
</TestRun>