<?xml version="1.0" encoding="UTF-8"?>
<TestRun id="07e53669-ed2c-481f-8875-44c38876cc85" name="swenm_000@LAPTOPSWEN 2015-12-14 12:08:59" runUser="LAPTOPSWEN\swenm_000" xmlns="http://microsoft.com/schemas/VisualStudio/TeamTest/2010">
  <TestSettings name="Default Test Settings" id="8b9ee177-17c9-4aec-9eaa-430f9bba6f7c">
    <Execution>
      <TestTypeSpecific />
      <AgentRule name="Execution Agents">
      </AgentRule>
    </Execution>
    <Deployment runDeploymentRoot="swenm_000_LAPTOPSWEN 2015-12-14 12_08_59" />
    <Properties />
  </TestSettings>
  <Times creation="2015-12-14T12:08:59.7506329+01:00" queuing="2015-12-14T12:08:59.9693856+01:00" start="2015-12-14T12:09:00.0631361+01:00" finish="2015-12-14T12:09:01.3754666+01:00" />
  <ResultSummary outcome="Completed">
    <Counters total="1" executed="1" passed="1" error="0" failed="0" timeout="0" aborted="0" inconclusive="0" passedButRunAborted="0" notRunnable="0" notExecuted="0" disconnected="0" warning="0" completed="0" inProgress="0" pending="0" />
  </ResultSummary>
  <TestDefinitions>
    <UnitTest name="GetTest" storage="httprequestertests\bin\debug\httprequestertests.dll" id="1e83fd17-513a-f8c9-a6a4-7784c3efde41">
      <Execution id="ac0c6cd7-e100-4505-b58c-019c1f05fa9f" />
      <TestMethod codeBase="F:/Github/Dev/Dev6assignment/HTTPrequesterTests/bin/Debug/HTTPrequesterTests.DLL" adapterTypeName="Microsoft.VisualStudio.TestTools.TestTypes.Unit.UnitTestAdapter, Microsoft.VisualStudio.QualityTools.Tips.UnitTest.Adapter, Version=14.0.0.0, Culture=neutral, PublicKeyToken=b03f5f7f11d50a3a" className="HTTPrequester.Tests.HttpRequestTests, HTTPrequesterTests, Version=1.0.0.0, Culture=neutral, PublicKeyToken=null" name="GetTest" />
    </UnitTest>
  </TestDefinitions>
  <TestLists>
    <TestList name="Results Not in a List" id="8c84fa94-04c1-424b-9868-57a2d4851a1d" />
    <TestList name="All Loaded Results" id="19431567-8539-422a-85d7-44ee4e166bda" />
  </TestLists>
  <TestEntries>
    <TestEntry testId="1e83fd17-513a-f8c9-a6a4-7784c3efde41" executionId="ac0c6cd7-e100-4505-b58c-019c1f05fa9f" testListId="8c84fa94-04c1-424b-9868-57a2d4851a1d" />
  </TestEntries>
  <Results>
    <UnitTestResult executionId="ac0c6cd7-e100-4505-b58c-019c1f05fa9f" testId="1e83fd17-513a-f8c9-a6a4-7784c3efde41" testName="GetTest" computerName="LAPTOPSWEN" duration="00:00:01.0641287" startTime="2015-12-14T12:09:00.0787617+01:00" endTime="2015-12-14T12:09:01.3285958+01:00" testType="13cdc9d9-ddb5-4fa4-a97d-d965ccfc6d4b" outcome="Passed" testListId="8c84fa94-04c1-424b-9868-57a2d4851a1d" relativeResultsDirectory="ac0c6cd7-e100-4505-b58c-019c1f05fa9f">
    </UnitTestResult>
  </Results>
</TestRun>