<?xml version="1.0" encoding="UTF-8"?>
<TestRun id="a02bb097-409f-4ed3-b97c-4d9f02e32a0c" name="swenm_000@LAPTOPSWEN 2015-12-14 12:02:12" runUser="LAPTOPSWEN\swenm_000" xmlns="http://microsoft.com/schemas/VisualStudio/TeamTest/2010">
  <TestSettings name="Default Test Settings" id="a6b61094-86be-4759-9959-222c75257e6c">
    <Execution>
      <TestTypeSpecific />
      <AgentRule name="Execution Agents">
      </AgentRule>
    </Execution>
    <Deployment runDeploymentRoot="swenm_000_LAPTOPSWEN 2015-12-14 12_02_12" />
    <Properties />
  </TestSettings>
  <Times creation="2015-12-14T12:02:12.0696044+01:00" queuing="2015-12-14T12:02:12.5236449+01:00" start="2015-12-14T12:02:12.6017647+01:00" finish="2015-12-14T12:02:15.4775328+01:00" />
  <ResultSummary outcome="Completed">
    <Counters total="1" executed="1" passed="1" error="0" failed="0" timeout="0" aborted="0" inconclusive="0" passedButRunAborted="0" notRunnable="0" notExecuted="0" disconnected="0" warning="0" completed="0" inProgress="0" pending="0" />
  </ResultSummary>
  <TestDefinitions>
    <UnitTest name="GetTest" storage="httprequestertests\bin\debug\httprequestertests.dll" id="1e83fd17-513a-f8c9-a6a4-7784c3efde41">
      <Execution id="22313e76-d7e9-4fa6-b589-928c4218009d" />
      <TestMethod codeBase="F:/Github/Dev/Dev6assignment/HTTPrequesterTests/bin/Debug/HTTPrequesterTests.DLL" adapterTypeName="Microsoft.VisualStudio.TestTools.TestTypes.Unit.UnitTestAdapter, Microsoft.VisualStudio.QualityTools.Tips.UnitTest.Adapter, Version=14.0.0.0, Culture=neutral, PublicKeyToken=b03f5f7f11d50a3a" className="HTTPrequester.Tests.HttpRequestTests, HTTPrequesterTests, Version=1.0.0.0, Culture=neutral, PublicKeyToken=null" name="GetTest" />
    </UnitTest>
  </TestDefinitions>
  <TestLists>
    <TestList name="Results Not in a List" id="8c84fa94-04c1-424b-9868-57a2d4851a1d" />
    <TestList name="All Loaded Results" id="19431567-8539-422a-85d7-44ee4e166bda" />
  </TestLists>
  <TestEntries>
    <TestEntry testId="1e83fd17-513a-f8c9-a6a4-7784c3efde41" executionId="22313e76-d7e9-4fa6-b589-928c4218009d" testListId="8c84fa94-04c1-424b-9868-57a2d4851a1d" />
  </TestEntries>
  <Results>
    <UnitTestResult executionId="22313e76-d7e9-4fa6-b589-928c4218009d" testId="1e83fd17-513a-f8c9-a6a4-7784c3efde41" testName="GetTest" computerName="LAPTOPSWEN" duration="00:00:02.5918316" startTime="2015-12-14T12:02:12.6486582+01:00" endTime="2015-12-14T12:02:15.4306552+01:00" testType="13cdc9d9-ddb5-4fa4-a97d-d965ccfc6d4b" outcome="Passed" testListId="8c84fa94-04c1-424b-9868-57a2d4851a1d" relativeResultsDirectory="22313e76-d7e9-4fa6-b589-928c4218009d">
    </UnitTestResult>
  </Results>
</TestRun>