<?xml version="1.0" encoding="UTF-8"?>
<TestRun id="537c5677-4262-4427-a521-d69a8e6723dd" name="swenm_000@SWENPC 2015-12-13 19:40:55" runUser="SWENPC\swenm_000" xmlns="http://microsoft.com/schemas/VisualStudio/TeamTest/2010">
  <TestSettings name="Default Test Settings" id="a15ac1ca-06f3-4d87-b164-943562e4775b">
    <Execution>
      <TestTypeSpecific />
      <AgentRule name="Execution Agents">
      </AgentRule>
    </Execution>
    <Deployment runDeploymentRoot="swenm_000_SWENPC 2015-12-13 19_40_55" />
    <Properties />
  </TestSettings>
  <Times creation="2015-12-13T19:40:55.5724468+01:00" queuing="2015-12-13T19:40:55.7876424+01:00" start="2015-12-13T19:40:55.8321844+01:00" finish="2015-12-13T19:40:56.4029073+01:00" />
  <ResultSummary outcome="Completed">
    <Counters total="1" executed="1" passed="1" error="0" failed="0" timeout="0" aborted="0" inconclusive="0" passedButRunAborted="0" notRunnable="0" notExecuted="0" disconnected="0" warning="0" completed="0" inProgress="0" pending="0" />
  </ResultSummary>
  <TestDefinitions>
    <UnitTest name="GetTest" storage="httprequestertests\bin\debug\httprequestertests.dll" id="1e83fd17-513a-f8c9-a6a4-7784c3efde41">
      <Execution id="61843f94-0528-4b67-a745-70789afa6140" />
      <TestMethod codeBase="D:/GitHub/Dev6assignment/HTTPrequesterTests/bin/Debug/HTTPrequesterTests.DLL" adapterTypeName="Microsoft.VisualStudio.TestTools.TestTypes.Unit.UnitTestAdapter, Microsoft.VisualStudio.QualityTools.Tips.UnitTest.Adapter, Version=12.0.0.0, Culture=neutral, PublicKeyToken=b03f5f7f11d50a3a" className="HTTPrequester.Tests.HttpRequestTests, HTTPrequesterTests, Version=1.0.0.0, Culture=neutral, PublicKeyToken=null" name="GetTest" />
    </UnitTest>
  </TestDefinitions>
  <TestLists>
    <TestList name="Results Not in a List" id="8c84fa94-04c1-424b-9868-57a2d4851a1d" />
    <TestList name="All Loaded Results" id="19431567-8539-422a-85d7-44ee4e166bda" />
  </TestLists>
  <TestEntries>
    <TestEntry testId="1e83fd17-513a-f8c9-a6a4-7784c3efde41" executionId="61843f94-0528-4b67-a745-70789afa6140" testListId="8c84fa94-04c1-424b-9868-57a2d4851a1d" />
  </TestEntries>
  <Results>
    <UnitTestResult executionId="61843f94-0528-4b67-a745-70789afa6140" testId="1e83fd17-513a-f8c9-a6a4-7784c3efde41" testName="GetTest" computerName="SWENPC" duration="00:00:00.3658412" startTime="2015-12-13T19:40:55.8512147+01:00" endTime="2015-12-13T19:40:56.3793857+01:00" testType="13cdc9d9-ddb5-4fa4-a97d-d965ccfc6d4b" outcome="Passed" testListId="8c84fa94-04c1-424b-9868-57a2d4851a1d" relativeResultsDirectory="61843f94-0528-4b67-a745-70789afa6140">
    </UnitTestResult>
  </Results>
</TestRun>